SF:lib/features/contacts/data/data_sources/contacts_data_source.dart
DA:11,1
DA:13,0
DA:15,1
DA:16,4
DA:17,2
DA:18,1
DA:19,3
DA:20,1
DA:22,1
LF:9
LH:8
end_of_record
SF:lib/features/contacts/data/models/contact/contact_model.dart
DA:12,3
DA:14,4
DA:15,2
DA:17,1
DA:18,4
DA:21,1
DA:25,1
DA:26,3
DA:27,3
DA:28,3
DA:31,0
DA:32,0
LF:12
LH:10
end_of_record
SF:lib/features/contacts/data/models/contact/contact_model.g.dart
DA:9,4
DA:10,4
DA:11,2
DA:12,2
DA:15,1
DA:16,1
DA:17,1
DA:18,1
DA:19,1
LF:9
LH:9
end_of_record
SF:lib/features/contacts/data/repositories/contact_repository_impl.dart
DA:10,1
DA:12,1
DA:15,2
DA:16,4
DA:17,1
DA:19,3
LF:6
LH:6
end_of_record
SF:lib/core/network/network_info.dart
DA:10,1
DA:12,1
DA:14,2
DA:15,1
LF:4
LH:4
end_of_record
SF:lib/core/network/api_client.dart
DA:10,0
DA:11,0
DA:12,0
DA:15,0
DA:16,0
DA:17,0
DA:19,0
DA:21,0
DA:24,0
DA:31,0
DA:32,0
DA:34,0
DA:36,0
DA:39,0
LF:14
LH:0
end_of_record
SF:lib/core/error/exceptions.dart
DA:3,3
DA:10,1
DA:12,1
DA:13,2
LF:4
LH:4
end_of_record
SF:lib/features/contacts/domain/entities/contact.dart
DA:6,4
LF:1
LH:1
end_of_record
SF:lib/core/error/failures.dart
DA:5,8
DA:7,3
DA:8,6
DA:12,16
DA:16,2
DA:20,2
LF:6
LH:6
end_of_record
SF:lib/features/contacts/presentation/blocs/contacts/contacts_event.dart
DA:4,0
DA:5,0
DA:11,2
DA:13,1
DA:14,2
LF:5
LH:3
end_of_record
SF:lib/features/contacts/domain/usecases/get_contacts_usecase.dart
DA:9,1
DA:11,1
DA:12,2
LF:3
LH:3
end_of_record
SF:lib/features/contacts/presentation/blocs/contacts/contacts_state.dart
DA:4,2
DA:5,2
DA:15,2
DA:17,2
DA:18,4
DA:24,2
DA:26,2
DA:27,4
LF:8
LH:8
end_of_record
SF:lib/features/shared/data/data_source/local_data_source.dart
DA:11,1
DA:13,1
DA:15,2
DA:18,1
DA:21,2
LF:5
LH:5
end_of_record
SF:lib/features/login/data/data_source/login_data_source.dart
DA:13,1
DA:15,0
DA:17,1
DA:20,3
DA:22,2
DA:23,2
DA:25,1
LF:7
LH:6
end_of_record
SF:lib/features/login/data/model/user/user_model.dart
DA:9,3
DA:11,4
DA:12,2
DA:14,2
DA:18,8
DA:21,0
DA:22,0
LF:7
LH:5
end_of_record
SF:lib/features/login/data/model/user/user_model.g.dart
DA:9,4
DA:10,2
DA:13,2
DA:14,1
LF:4
LH:4
end_of_record
SF:lib/features/login/data/repository/login_repository_impl.dart
DA:12,1
DA:17,1
DA:20,2
DA:21,3
DA:22,2
DA:23,1
DA:25,3
LF:7
LH:7
end_of_record
SF:lib/features/login/domain/entities/user.dart
DA:5,4
LF:1
LH:1
end_of_record
SF:lib/features/contacts/presentation/blocs/contacts/contacts_bloc.dart
DA:9,3
DA:10,2
DA:13,1
DA:14,2
DA:15,3
DA:16,1
DA:17,4
DA:18,3
LF:8
LH:8
end_of_record
SF:lib/features/login/presentation/blocs/login_state.dart
DA:6,2
DA:8,2
DA:9,2
DA:19,2
DA:21,2
DA:22,4
DA:28,2
DA:30,2
DA:31,4
LF:9
LH:9
end_of_record
SF:lib/features/login/domain/usecases/login_usecase.dart
DA:11,1
DA:13,1
DA:15,4
DA:23,2
DA:25,1
DA:26,3
LF:6
LH:6
end_of_record
SF:lib/features/login/presentation/blocs/login_bloc.dart
DA:13,3
DA:14,2
DA:17,1
DA:18,2
DA:19,5
DA:21,1
DA:22,4
DA:23,3
DA:27,1
DA:29,1
DA:30,1
LF:11
LH:11
end_of_record
SF:lib/features/login/presentation/blocs/login_event.dart
DA:4,2
DA:6,0
DA:7,0
DA:14,2
DA:16,1
DA:17,3
LF:6
LH:4
end_of_record
